<?xml version="1.0" encoding="UTF-8"?>
<!-- Generated by org.testng.reporters.JUnitReportReporter -->
<testsuite hostname="LTIN487518" failures="0" tests="16" name="empdetails.com.NewTest" time="108.864" errors="0" timestamp="2024-01-30T09:17:40 GMT+05:30" skipped="0">
  <testcase classname="empdetails.com.NewTest" name="read" time="0.148"/>
  <system-out/>
  <testcase classname="empdetails.com.NewTest" name="read" time="0.670"/>
  <system-out/>
  <testcase classname="empdetails.com.NewTest" name="login" time="0.179"/>
  <system-out/>
  <testcase classname="empdetails.com.NewTest" name="login" time="0.188"/>
  <system-out/>
  <testcase classname="empdetails.com.NewTest" name="tab" time="4.096"/>
  <system-out/>
  <testcase classname="empdetails.com.NewTest" name="tab" time="4.700"/>
  <system-out/>
  <testcase classname="empdetails.com.NewTest" name="fill" time="11.016"/>
  <system-out/>
  <testcase classname="empdetails.com.NewTest" name="fill" time="11.049"/>
  <system-out/>
  <testcase classname="empdetails.com.NewTest" name="save" time="5.093"/>
  <system-out/>
  <testcase classname="empdetails.com.NewTest" name="save" time="5.156"/>
  <system-out/>
  <testcase classname="empdetails.com.NewTest" name="tabswitch" time="12.140"/>
  <system-out/>
  <testcase classname="empdetails.com.NewTest" name="tabswitch" time="13.048"/>
  <system-out/>
  <testcase classname="empdetails.com.NewTest" name="editdetails" time="12.933"/>
  <system-out/>
  <testcase classname="empdetails.com.NewTest" name="editdetails" time="13.891"/>
  <system-out/>
  <testcase classname="empdetails.com.NewTest" name="logout" time="7.324"/>
  <system-out/>
  <testcase classname="empdetails.com.NewTest" name="logout" time="7.233"/>
  <system-out/>
</testsuite> <!-- empdetails.com.NewTest -->
